info it worked if it ends with ok
verbose cli [ 'node', '/usr/local/bin/npm', 'publish', '.' ]
info using npm@1.1.15
info using node@v0.6.14
verbose /usr/local/bin/node node symlink
verbose config file /Users/mark/.npmrc
verbose config file /usr/local/etc/npmrc
verbose config file /usr/local/lib/node_modules/npm/npmrc
verbose publish [ '.' ]
verbose caching /Users/mark/code/cafe/package.json
verbose loadDefaults cafe@0.0.4
info prepublish cafe@0.0.4
verbose cache add [ '.', null ]
silly cache add: name, spec, args [ undefined, '.', [ '.', null ] ]
verbose parsed url { pathname: '.', path: '.', href: '.' }
verbose caching package.json
verbose loadDefaults cafe@0.0.4
verbose tar.pack [ '/var/folders/n9/wvc1hdrn0gq2cq3fwxc1xqsh0000gn/T/npm-1333783094376/1333783094376-0.227864530403167/tmp.tgz',
verbose tar.pack   '.' ]
verbose tarball /var/folders/n9/wvc1hdrn0gq2cq3fwxc1xqsh0000gn/T/npm-1333783094376/1333783094376-0.227864530403167/tmp.tgz
verbose folder .
verbose unpack /var/folders/n9/wvc1hdrn0gq2cq3fwxc1xqsh0000gn/T/npm-1333783094376/1333783094376-0.227864530403167/tmp.tgz
silly gunzTarPerm modes [ '755', '644' ]
silly extracting entry package.json
silly extracting entry .npmignore
silly extracting entry README
silly extracting entry browser-cafe.js
silly extracting entry browser-cafe.min.js
silly extracting entry cafe.js
silly extracting entry cafe.coffee
silly extracting entry compile.sh
silly extracting entry test/cafe.spec.coffee
verbose caching /var/folders/n9/wvc1hdrn0gq2cq3fwxc1xqsh0000gn/T/npm-1333783094376/1333783094376-0.227864530403167/package/package.json
verbose loadDefaults cafe@0.0.4
verbose from cache /var/folders/n9/wvc1hdrn0gq2cq3fwxc1xqsh0000gn/T/npm-1333783094376/1333783094376-0.227864530403167/package/package.json
verbose tar.pack [ '/Users/mark/.npm/cafe/0.0.4/package.tgz',
verbose tar.pack   '/var/folders/n9/wvc1hdrn0gq2cq3fwxc1xqsh0000gn/T/npm-1333783094376/1333783094376-0.227864530403167/package' ]
verbose tarball /Users/mark/.npm/cafe/0.0.4/package.tgz
verbose folder /var/folders/n9/wvc1hdrn0gq2cq3fwxc1xqsh0000gn/T/npm-1333783094376/1333783094376-0.227864530403167/package
verbose unpack /Users/mark/.npm/cafe/0.0.4/package.tgz
silly gunzTarPerm modes [ '755', '644' ]
silly extracting entry package.json
silly extracting entry .npmignore
silly extracting entry README
silly extracting entry browser-cafe.js
silly extracting entry browser-cafe.min.js
silly extracting entry cafe.js
silly extracting entry cafe.coffee
silly extracting entry compile.sh
silly extracting entry test/cafe.spec.coffee
verbose caching /Users/mark/.npm/cafe/0.0.4/package/package.json
verbose loadDefaults cafe@0.0.4
silly updated sha bytes 28412
info shasum e8aa62a76dd0340db0e75d9ea8e9cbf459b0258e
info shasum /Users/mark/.npm/cafe/0.0.4/package.tgz
verbose from cache /Users/mark/.npm/cafe/0.0.4/package/package.json
verbose chmod /Users/mark/.npm/cafe/0.0.4/package.tgz 644
verbose chown [ '/Users/mark/.npm/cafe/0.0.4/package.tgz', 501, 20 ]
silly publish { name: 'cafe',
silly publish   description: 'Rails\' view helpers and core extensions ported to Coffeescript',
silly publish   keywords: [ 'date', 'date-helper', 'rails' ],
silly publish   homepage: 'https://github.com/huetsch/cafe',
silly publish   version: '0.0.4',
silly publish   dependencies: 
silly publish    { 'date-helper': '>= 0.1.1',
silly publish      'url-helper': '>= 0.0.4',
silly publish      'asset-tag-helper': '>= 0.0.6',
silly publish      'form-options-helper': '>= 0.0.3',
silly publish      'form-tag-helper': '>= 0.0.4' },
silly publish   main: './cafe.js',
silly publish   author: { name: 'Mark Huetsch', email: 'markhuetsch@gmail.com' },
silly publish   license: 'MIT',
silly publish   _npmUser: { name: 'markhuetsch', email: 'markhuetsch@gmail.com' },
silly publish   _id: 'cafe@0.0.4',
silly publish   devDependencies: {},
silly publish   optionalDependencies: {},
silly publish   engines: { node: '*' },
silly publish   _engineSupported: true,
silly publish   _npmVersion: '1.1.15',
silly publish   _nodeVersion: 'v0.6.14',
silly publish   _defaultsLoaded: true,
silly publish   dist: 
silly publish    { shasum: 'e8aa62a76dd0340db0e75d9ea8e9cbf459b0258e',
silly publish      tarball: 'http://registry.npmjs.org/cafe/-/cafe-0.0.4.tgz' } }
verbose raw, before any munging cafe
verbose url resolving [ 'https://registry.npmjs.org/', './cafe' ]
verbose url resolved https://registry.npmjs.org/cafe
http PUT https://registry.npmjs.org/cafe
http 409 https://registry.npmjs.org/cafe
verbose raw, before any munging cafe
verbose url resolving [ 'https://registry.npmjs.org/', './cafe' ]
verbose url resolved https://registry.npmjs.org/cafe
http GET https://registry.npmjs.org/cafe
http 200 https://registry.npmjs.org/cafe
info Already published cafe@0.0.4
verbose uploading bin dists []
ERR! publish fail Cannot publish over existing version.
ERR! publish fail Bump the 'version' field, set the --force flag, or
ERR! publish fail     npm unpublish 'cafe@0.0.4'
ERR! publish fail and try again
ERR! 
ERR! System Darwin 11.3.0
ERR! command "node" "/usr/local/bin/npm" "publish" "."
ERR! cwd /Users/mark/code/cafe
ERR! node -v v0.6.14
ERR! npm -v 1.1.15
ERR! code EPUBLISHCONFLICT
ERR! message publish fail
ERR! errno {}
verbose exit [ 1, true ]
